ZNTPushModel/build/outputs/logs/manifest-merger-release-report.txt
-- Merging decision tree log ---
manifest
ADDED from ZNTSpeaker\ZNTPushModel\AndroidManifest.xml:2:1-35:12
INJECTED from ZNTSpeaker\ZNTPushModel\AndroidManifest.xml:2:1-35:12
INJECTED from ZNTSpeaker\ZNTPushModel\AndroidManifest.xml:2:1-35:12
INJECTED from ZNTSpeaker\ZNTPushModel\AndroidManifest.xml:2:1-35:12
INJECTED from ZNTSpeaker\ZNTPushModel\AndroidManifest.xml:2:1-35:12
INJECTED from ZNTSpeaker\ZNTPushModel\AndroidManifest.xml:2:1-35:12
INJECTED from ZNTSpeaker\ZNTPushModel\AndroidManifest.xml:2:1-35:12
	package
		ADDED from ZNTSpeaker\ZNTPushModel\AndroidManifest.xml:3:5-27
		INJECTED from ZNTSpeaker\ZNTPushModel\AndroidManifest.xml
		INJECTED from ZNTSpeaker\ZNTPushModel\AndroidManifest.xml
	android:versionName
		ADDED from ZNTSpeaker\ZNTPushModel\AndroidManifest.xml:5:5-30
		INJECTED from ZNTSpeaker\ZNTPushModel\AndroidManifest.xml
		INJECTED from ZNTSpeaker\ZNTPushModel\AndroidManifest.xml
	xmlns:android
		ADDED from ZNTSpeaker\ZNTPushModel\AndroidManifest.xml:2:11-69
	android:versionCode
		ADDED from ZNTSpeaker\ZNTPushModel\AndroidManifest.xml:4:5-28
		INJECTED from ZNTSpeaker\ZNTPushModel\AndroidManifest.xml
		INJECTED from ZNTSpeaker\ZNTPushModel\AndroidManifest.xml
uses-sdk
ADDED from ZNTSpeaker\ZNTPushModel\AndroidManifest.xml:7:5-9:41
	android:targetSdkVersion
		ADDED from ZNTSpeaker\ZNTPushModel\AndroidManifest.xml:9:9-38
	android:minSdkVersion
		ADDED from ZNTSpeaker\ZNTPushModel\AndroidManifest.xml:8:9-34
uses-permission#android.permission.WRITE_EXTERNAL_STORAGE
ADDED from ZNTSpeaker\ZNTPushModel\AndroidManifest.xml:10:2-77
	android:name
		ADDED from ZNTSpeaker\ZNTPushModel\AndroidManifest.xml:10:19-75
uses-permission#android.permission.INTERNET
ADDED from ZNTSpeaker\ZNTPushModel\AndroidManifest.xml:11:2-63
	android:name
		ADDED from ZNTSpeaker\ZNTPushModel\AndroidManifest.xml:11:19-61
uses-permission#android.permission.ACCESS_NETWORK_STATE
ADDED from ZNTSpeaker\ZNTPushModel\AndroidManifest.xml:12:2-75
	android:name
		ADDED from ZNTSpeaker\ZNTPushModel\AndroidManifest.xml:12:19-73
uses-permission#android.permission.ACCESS_WIFI_STATE
ADDED from ZNTSpeaker\ZNTPushModel\AndroidManifest.xml:13:2-73
	android:name
		ADDED from ZNTSpeaker\ZNTPushModel\AndroidManifest.xml:13:19-70
uses-permission#android.permission.CHANGE_WIFI_MULTICAST_STATE
ADDED from ZNTSpeaker\ZNTPushModel\AndroidManifest.xml:14:2-82
	android:name
		ADDED from ZNTSpeaker\ZNTPushModel\AndroidManifest.xml:14:19-80
uses-permission#android.permission.CHANGE_WIFI_STATE
ADDED from ZNTSpeaker\ZNTPushModel\AndroidManifest.xml:15:2-72
	android:name
		ADDED from ZNTSpeaker\ZNTPushModel\AndroidManifest.xml:15:19-70
uses-permission#android.permission.CHANGE_NETWORK_STATE
ADDED from ZNTSpeaker\ZNTPushModel\AndroidManifest.xml:16:2-75
	android:name
		ADDED from ZNTSpeaker\ZNTPushModel\AndroidManifest.xml:16:19-73
uses-permission#android.permission.RECORD_AUDIO
ADDED from ZNTSpeaker\ZNTPushModel\AndroidManifest.xml:17:2-67
	android:name
		ADDED from ZNTSpeaker\ZNTPushModel\AndroidManifest.xml:17:19-65
uses-permission#android.permission.MODIFY_AUDIO_SETTINGS
ADDED from ZNTSpeaker\ZNTPushModel\AndroidManifest.xml:18:2-76
	android:name
		ADDED from ZNTSpeaker\ZNTPushModel\AndroidManifest.xml:18:19-74
uses-permission#android.permission.SET_TIME_ZONE
ADDED from ZNTSpeaker\ZNTPushModel\AndroidManifest.xml:20:2-69
	android:name
		ADDED from ZNTSpeaker\ZNTPushModel\AndroidManifest.xml:20:19-66
uses-permission#android.permission.READ_PHONE_STATE
ADDED from ZNTSpeaker\ZNTPushModel\AndroidManifest.xml:22:5-75
	android:name
		ADDED from ZNTSpeaker\ZNTPushModel\AndroidManifest.xml:22:22-72
uses-permission#android.permission.INTERACT_ACROSS_USERS
ADDED from ZNTSpeaker\ZNTPushModel\AndroidManifest.xml:23:5-79
	android:name
		ADDED from ZNTSpeaker\ZNTPushModel\AndroidManifest.xml:23:22-77
uses-permission#android.permission.INTERACT_ACROSS_USERS_FULL
ADDED from ZNTSpeaker\ZNTPushModel\AndroidManifest.xml:24:2-81
	android:name
		ADDED from ZNTSpeaker\ZNTPushModel\AndroidManifest.xml:24:19-79
uses-permission#android.permission.WAKE_LOCK
ADDED from ZNTSpeaker\ZNTPushModel\AndroidManifest.xml:25:2-64
	android:name
		ADDED from ZNTSpeaker\ZNTPushModel\AndroidManifest.xml:25:19-62
uses-permission#android.permission.WRITE_SETTINGS
ADDED from ZNTSpeaker\ZNTPushModel\AndroidManifest.xml:26:2-69
	android:name
		ADDED from ZNTSpeaker\ZNTPushModel\AndroidManifest.xml:26:19-67
uses-permission#android.permission.ACCESS_COARSE_LOCATION
ADDED from ZNTSpeaker\ZNTPushModel\AndroidManifest.xml:29:2-78
	android:name
		ADDED from ZNTSpeaker\ZNTPushModel\AndroidManifest.xml:29:19-75
uses-permission#android.permission.ACCESS_FINE_LOCATION
ADDED from ZNTSpeaker\ZNTPushModel\AndroidManifest.xml:30:5-79
	android:name
		ADDED from ZNTSpeaker\ZNTPushModel\AndroidManifest.xml:30:22-76
uses-permission#android.permission.READ_LOGS
ADDED from ZNTSpeaker\ZNTPushModel\AndroidManifest.xml:31:5-68
	android:name
		ADDED from ZNTSpeaker\ZNTPushModel\AndroidManifest.xml:31:22-65
uses-permission#android.permission.RECEIVE_BOOT_COMPLETED
ADDED from ZNTSpeaker\ZNTPushModel\AndroidManifest.xml:32:5-81
	android:name
		ADDED from ZNTSpeaker\ZNTPushModel\AndroidManifest.xml:32:22-78
uses-permission#android.permission.FOCE_STOP_PACKAGES
ADDED from ZNTSpeaker\ZNTPushModel\AndroidManifest.xml:33:2-74
	android:name
		ADDED from ZNTSpeaker\ZNTPushModel\AndroidManifest.xml:33:19-71